./demography.c:15: MAJOR:C-F6
./demography.c:36: MAJOR:C-F6
./demography.c:43: MINOR:C-L2
./demography.c:45: MINOR:C-L2
./demography.c:69: MINOR:C-L3
./demography.c:71: MAJOR:C-C1
./demography.c:79: MAJOR:C-F4
./demography.c:89: MINOR:C-L2
./demography.c:94: MINOR:C-L3
./demography.c:95: MINOR:C-L2
./demography.c:96: MAJOR:C-C1
./demography.c:104: MAJOR:C-F4
./demography.c:126: MINOR:C-L3
./demography.c:128: MAJOR:C-C1
./demography.c:128: MAJOR:C-L1
./demography.c:128: MINOR:C-L2
./demography.c:129: MAJOR:C-F4
./demography.c:129: MINOR:C-L2
./demography.c:130: MAJOR:C-F4
./demography.c:130: MINOR:C-L2
./demography.c:131: MAJOR:C-F4
./demography.c:131: MINOR:C-L2
./demography.c:132: MAJOR:C-F4
./demography.c:133: MAJOR:C-F4
./demography.c:134: MAJOR:C-F4
./demography.c:135: MAJOR:C-F4
./demography.c:136: MAJOR:C-F4
./demography.c:137: MAJOR:C-F4
./demography.c:140: MAJOR:C-O3
./demography.c:158: MAJOR:C-O3
./demography.c:167: MINOR:C-L6
./demography.c:168: MINOR:C-F8
./demography.c:169: MINOR:C-L6
./demography.c:173: MINOR:C-F8
./demography.c:174: MINOR:C-F8
./demography.c:174: MINOR:C-L2
./demography.c:175: MINOR:C-L2
./demography.c:179: MAJOR:C-O3
./demography.c:201: MAJOR:C-F4
./demography.c:201: MINOR:C-L3
./demography.c:202: MAJOR:C-F4
./demography.c:203: MAJOR:C-C1
./demography.c:203: MAJOR:C-F4
./demography.c:203: MAJOR:C-L1
./demography.c:203: MINOR:C-L2
./demography.c:204: MAJOR:C-F4
./demography.c:204: MINOR:C-L2
./demography.c:205: MAJOR:C-F4
./demography.c:205: MINOR:C-L2
./demography.c:206: MAJOR:C-F4
./demography.c:206: MINOR:C-L2
./demography.c:207: MAJOR:C-F4
./demography.c:208: MAJOR:C-F4
./demography.c:209: MAJOR:C-F4
./demography.c:210: MAJOR:C-F4
./demography.c:211: MAJOR:C-F4
./demography.c:212: MAJOR:C-F4
./demography.c:215: MAJOR:C-O3
./demography.c:237: MAJOR:C-F4
./demography.c:237: MINOR:C-L3
./demography.c:238: MAJOR:C-F4
./demography.c:239: MAJOR:C-C1
./demography.c:239: MAJOR:C-F4
./demography.c:239: MAJOR:C-L1
./demography.c:239: MINOR:C-L2
./demography.c:240: MAJOR:C-F4
./demography.c:240: MINOR:C-L2
./demography.c:241: MAJOR:C-F4
./demography.c:241: MINOR:C-L2
./demography.c:242: MAJOR:C-F4
./demography.c:242: MINOR:C-L2
./demography.c:243: MAJOR:C-F4
./demography.c:243: MINOR:C-L2
./demography.c:244: MAJOR:C-F4
./demography.c:245: MAJOR:C-F4
./demography.c:246: MAJOR:C-F4
./demography.c:247: MAJOR:C-F4
./demography.c:248: MAJOR:C-F4
./demography.c:251: MAJOR:C-O3
./demography.c:271: MINOR:C-L3
./demography.c:273: MAJOR:C-C1
./demography.c:273: MAJOR:C-F4
./demography.c:273: MAJOR:C-L1
./demography.c:273: MINOR:C-L2
./demography.c:274: MAJOR:C-F3
./demography.c:274: MAJOR:C-F4
./demography.c:274: MINOR:C-L2
./demography.c:275: MAJOR:C-F4
./demography.c:275: MINOR:C-L2
./demography.c:276: MAJOR:C-F4
./demography.c:276: MINOR:C-L2
./demography.c:277: MAJOR:C-F4
./demography.c:278: MAJOR:C-F4
./demography.c:279: MAJOR:C-F4
./demography.c:280: MAJOR:C-F4
./demography.c:281: MAJOR:C-F4
./demography.c:282: MAJOR:C-F4
./demography.c:285: MAJOR:C-O3
./demography.c:300: MAJOR:C-O3
./demography.c:320: MAJOR:C-O3
./demography.c:339: MINOR:C-L2
./demography.c:342: MAJOR:C-F4
./demography.c:342: MINOR:C-L3
./demography.c:343: MAJOR:C-F4
./demography.c:344: MAJOR:C-C1
./demography.c:344: MAJOR:C-F4
./demography.c:344: MAJOR:C-L1
./demography.c:344: MINOR:C-L2
./demography.c:345: MAJOR:C-F4
./demography.c:346: MAJOR:C-F4
./demography.c:346: MINOR:C-L2
./demography.c:347: MAJOR:C-F4
./demography.c:347: MINOR:C-L2
./demography.c:348: MAJOR:C-F4
./demography.c:349: MAJOR:C-F4
./demography.c:350: MAJOR:C-F4
./demography.c:351: MAJOR:C-F4
./demography.c:352: MAJOR:C-F4
./demography.c:353: MAJOR:C-F4
./demography.c:356: MAJOR:C-O3
./demography.c:378: MAJOR:C-F4
./demography.c:378: MINOR:C-L3
./demography.c:379: MAJOR:C-F4
./demography.c:380: MAJOR:C-C1
./demography.c:380: MAJOR:C-F4
./demography.c:380: MAJOR:C-L1
./demography.c:380: MINOR:C-L2
./demography.c:381: MAJOR:C-F3
./demography.c:381: MAJOR:C-F4
./demography.c:381: MINOR:C-L2
./demography.c:382: MAJOR:C-F4
./demography.c:382: MINOR:C-L2
./demography.c:383: MAJOR:C-F4
./demography.c:383: MINOR:C-L2
./demography.c:384: MAJOR:C-F4
./demography.c:384: MINOR:C-L2
./demography.c:385: MAJOR:C-F4
./demography.c:385: MINOR:C-L2
./demography.c:386: MAJOR:C-F4
./demography.c:387: MAJOR:C-F4
./demography.c:387: MINOR:C-L2
./demography.c:388: MAJOR:C-F4
./demography.c:389: MAJOR:C-F4
./demography.c:390: MAJOR:C-F4
./demography.c:391: MAJOR:C-F4
./demography.c:392: MAJOR:C-F4
./main.c:34: MINOR:C-F8
./main.c:42: MAJOR:C-L5
./main.c:43: MAJOR:C-L5
./main.c:44: MAJOR:C-L5
./main.c:45: MAJOR:C-L5
./main.c:46: MAJOR:C-L5
./main.c:47: MAJOR:C-F4
./main.c:47: MAJOR:C-L5
./main.c:48: MAJOR:C-F4
./main.c:48: MAJOR:C-L5
./main.c:49: MAJOR:C-F4
./main.c:49: MAJOR:C-L5
./main.c:50: MAJOR:C-F4
./main.c:50: MAJOR:C-L5
./main.c:51: MAJOR:C-F4
./main.c:51: MAJOR:C-L5
./main.c:52: MAJOR:C-F4
./main.c:52: MINOR:C-L6
./main.c:53: MAJOR:C-F4
./main.c:53: MINOR:C-F8
./main.c:54: MAJOR:C-F4
./main.c:55: MAJOR:C-F4
./main.c:56: MAJOR:C-F4
./main.c:57: MAJOR:C-F4
./main.c:58: MAJOR:C-F4
./main.c:59: MAJOR:C-F4
./main.c:60: MAJOR:C-F4
./main.c:61: MAJOR:C-F4
./main.c:62: MAJOR:C-F4
./main.c:63: MAJOR:C-F4
./main.c:64: MAJOR:C-F4
./main.c:65: MAJOR:C-F4
./main.c:66: MAJOR:C-F4
./main.c:67: MAJOR:C-F4
./main.c:68: MAJOR:C-F4
./main.c:69: MAJOR:C-F3
./main.c:69: MAJOR:C-F4
./main.c:70: MAJOR:C-F4
./main.c:71: MAJOR:C-F4
./main.c:71: MINOR:C-L2
./main.c:72: MAJOR:C-F4
./main.c:73: MAJOR:C-F4
./main.c:74: MAJOR:C-F4
./main.c:75: MAJOR:C-F4
./main.c:76: MAJOR:C-F4
./main.c:77: MAJOR:C-F4
./main.c:78: MAJOR:C-F4
./main.c:79: MAJOR:C-F4
./main.c:80: MAJOR:C-F4
./main.c:81: MAJOR:C-F4
./main.c:82: MAJOR:C-F4
./main.c:83: MAJOR:C-F4
./main.c:83: MINOR:C-L3
./main.c:84: MAJOR:C-F4
./main.c:85: MAJOR:C-F3
./main.c:85: MAJOR:C-F4
./main.c:86: MAJOR:C-F4
./main.c:87: MAJOR:C-F4
./main.c:88: MAJOR:C-F4
./main.c:89: MAJOR:C-F4
./main.c:90: MAJOR:C-F4
./main.c:91: MAJOR:C-F4
./main.c:92: MAJOR:C-F4
./main.c:93: MAJOR:C-F4
./main.c:94: MAJOR:C-F4
./main.c:95: MAJOR:C-F4
./main.c:96: MAJOR:C-F4
./main.c:97: MAJOR:C-F4
./main.c:98: MAJOR:C-F4
./my.h:23: MAJOR:C-F6
./my.h:24: MAJOR:C-F6
./pass_code.c:31: MINOR:C-L2
./pass_code.c:32: MINOR:C-L2
./pass_code.c:33: MINOR:C-F8
./pass_code.c:34: MINOR:C-F8
./pass_code.c:35: MINOR:C-F8
./pass_code.c:35: MINOR:C-L2
./pass_code.c:39: MAJOR:C-F4
./pass_code.c:40: MAJOR:C-F4
./word_array.c:43: MINOR:C-L2
./word_array.c:70: MINOR:C-L2
