./Makefile:16: MAJOR:C-F3
./display.c:23: MAJOR:C-F3
./main.c:18: MAJOR:C-F6
./main.c:24: MINOR:C-L6
./main.c:26: MINOR:C-L6
./main.c:27: MAJOR:C-F3
./menu.c:23: MAJOR:C-F3
./my_hunter.c:34: MAJOR:C-F3
./my_hunter.c:37: MAJOR:C-F3
./my_hunter.c:53: MAJOR:C-F4
./my_hunter.c:54: MAJOR:C-F4
./my_hunter.c:55: MAJOR:C-C1
./my_hunter.c:55: MAJOR:C-F4
./my_hunter.c:56: MAJOR:C-F4
./my_hunter.c:57: MAJOR:C-F4
./my_hunter.c:58: MAJOR:C-F4
./my_hunter.c:58: MINOR:C-F8
./my_hunter.c:58: MINOR:C-L2
./my_hunter.c:59: MAJOR:C-F4
./my_hunter.c:60: MAJOR:C-F4
./my_hunter.c:61: MAJOR:C-F4
./my_hunter.c:62: MAJOR:C-F4
./my_hunter.c:63: MAJOR:C-F4
./my_hunter.c:63: MINOR:C-L2
./my_hunter.c:64: MAJOR:C-F4
./my_hunter.c:65: MAJOR:C-F4
./my_hunter.c:66: MAJOR:C-F4
./my_hunter.c:67: MAJOR:C-F4
./my_hunter.c:73: MINOR:C-L6
